INFO:root:Start training @ Mon Aug 26 11:12:45 2019
INFO:root:Start training @ Mon Aug 26 11:20:23 2019
INFO:root:Start training @ Mon Aug 26 11:21:49 2019
INFO:root:Start training @ Thu Dec  5 18:42:10 2019
INFO:root:Best model with loss 51.0872110128175 at iteration 1000 @ Thu Dec  5 18:45:04 2019
INFO:root:Best model with loss 28.74876007182095 at iteration 2000 @ Thu Dec  5 18:47:58 2019
INFO:root:Best model with loss 22.00782560514288 at iteration 3000 @ Thu Dec  5 18:50:57 2019
INFO:root:Best model with loss 19.329047603297486 at iteration 4000 @ Thu Dec  5 18:53:52 2019
INFO:root:Best model with loss 17.782570204420555 at iteration 5000 @ Thu Dec  5 18:56:48 2019
INFO:root:Best model with loss 16.39431479890344 at iteration 6000 @ Thu Dec  5 18:59:46 2019
INFO:root:Best model with loss 15.679844766815389 at iteration 7000 @ Thu Dec  5 19:02:42 2019
INFO:root:Best model with loss 15.238610737098321 at iteration 8000 @ Thu Dec  5 19:05:39 2019
INFO:root:Best model with loss 14.699342798344158 at iteration 9000 @ Thu Dec  5 19:08:39 2019
INFO:root:Best model with loss 14.192219745122259 at iteration 10000 @ Thu Dec  5 19:11:36 2019
INFO:root:Best model with loss 14.15651231217407 at iteration 11000 @ Thu Dec  5 19:14:33 2019
INFO:root:Best model with loss 13.731582242278908 at iteration 12000 @ Thu Dec  5 19:17:31 2019
INFO:root:Best model with loss 13.534794683010098 at iteration 13000 @ Thu Dec  5 19:20:26 2019
INFO:root:Best model with loss 13.345647729547569 at iteration 14000 @ Thu Dec  5 19:23:26 2019
INFO:root:Best model with loss 13.071744053867052 at iteration 15000 @ Thu Dec  5 19:26:20 2019
INFO:root:Best model with loss 12.822494535437059 at iteration 17000 @ Thu Dec  5 19:32:11 2019
INFO:root:Best model with loss 12.729229550147581 at iteration 18000 @ Thu Dec  5 19:35:07 2019
INFO:root:Best model with loss 12.686466481738012 at iteration 19000 @ Thu Dec  5 19:38:03 2019
INFO:root:Best model with loss 12.519335447455317 at iteration 20000 @ Thu Dec  5 19:41:01 2019
INFO:root:Best model with loss 12.34625128697757 at iteration 21000 @ Thu Dec  5 19:43:59 2019
INFO:root:Best model with loss 12.298338997739776 at iteration 22000 @ Thu Dec  5 19:46:54 2019
INFO:root:Best model with loss 12.189753293945545 at iteration 24000 @ Thu Dec  5 19:52:45 2019
INFO:root:Best model with loss 12.030738255082706 at iteration 25000 @ Thu Dec  5 19:55:42 2019
INFO:root:Best model with loss 11.923940825803916 at iteration 27000 @ Thu Dec  5 20:01:36 2019
INFO:root:Best model with loss 11.866004463093784 at iteration 28000 @ Thu Dec  5 20:04:33 2019
INFO:root:Best model with loss 11.803824222531906 at iteration 29000 @ Thu Dec  5 20:07:29 2019
INFO:root:Best model with loss 11.69820244779104 at iteration 31000 @ Thu Dec  5 20:13:18 2019
INFO:root:Best model with loss 11.659665697055878 at iteration 32000 @ Thu Dec  5 20:16:15 2019
INFO:root:Best model with loss 11.565360885044452 at iteration 34000 @ Thu Dec  5 20:22:03 2019
INFO:root:Best model with loss 11.488833287338359 at iteration 37000 @ Thu Dec  5 20:30:48 2019
INFO:root:Best model with loss 11.437781636512268 at iteration 38000 @ Thu Dec  5 20:33:44 2019
INFO:root:Best model with loss 11.303510917291941 at iteration 44000 @ Thu Dec  5 20:51:19 2019
INFO:root:Best model with loss 11.252322671884794 at iteration 46000 @ Thu Dec  5 20:57:16 2019
INFO:root:Best model with loss 11.213600835280978 at iteration 48000 @ Thu Dec  5 21:03:09 2019
INFO:root:Best model with loss 11.20719195405073 at iteration 50000 @ Thu Dec  5 21:09:04 2019
INFO:root:Best model with loss 11.191310928475891 at iteration 51000 @ Thu Dec  5 21:12:03 2019
INFO:root:Best model with loss 11.14319842793083 at iteration 55000 @ Thu Dec  5 21:23:47 2019
INFO:root:Best model with loss 11.138901756599958 at iteration 56000 @ Thu Dec  5 21:26:43 2019
INFO:root:Best model with loss 11.09632205052271 at iteration 57000 @ Thu Dec  5 21:29:39 2019
INFO:root:Best model with loss 11.032388917946657 at iteration 61000 @ Thu Dec  5 21:41:26 2019
INFO:root:Best model with loss 11.026528592551449 at iteration 62000 @ Thu Dec  5 21:44:25 2019
INFO:root:Best model with loss 11.001745087551638 at iteration 63000 @ Thu Dec  5 21:47:21 2019
INFO:root:Best model with loss 10.937281757963193 at iteration 67000 @ Thu Dec  5 21:59:07 2019
INFO:root:Best model with loss 10.932104861998171 at iteration 71000 @ Thu Dec  5 22:10:52 2019
INFO:root:Best model with loss 10.921922560749218 at iteration 76000 @ Thu Dec  5 22:25:32 2019
INFO:root:Best model with loss 10.894009126337119 at iteration 96000 @ Thu Dec  5 23:24:04 2019
INFO:root:Restore training @ Fri Dec  6 12:02:15 2019
INFO:root:Start training @ Fri Dec  6 12:07:44 2019
INFO:root:Best model with loss 73.51745127884683 at iteration 1000 @ Fri Dec  6 12:10:04 2019
INFO:root:Best model with loss 38.51537714596578 at iteration 2000 @ Fri Dec  6 12:12:27 2019
INFO:root:Best model with loss 29.31278128419018 at iteration 3000 @ Fri Dec  6 12:14:47 2019
INFO:root:Best model with loss 24.609823115438992 at iteration 4000 @ Fri Dec  6 12:17:23 2019
INFO:root:Best model with loss 21.87643278244004 at iteration 5000 @ Fri Dec  6 12:19:45 2019
INFO:root:Best model with loss 20.228517660233898 at iteration 6000 @ Fri Dec  6 12:22:05 2019
INFO:root:Best model with loss 18.8915207408333 at iteration 7000 @ Fri Dec  6 12:24:45 2019
INFO:root:Best model with loss 18.007171956219896 at iteration 8000 @ Fri Dec  6 12:27:22 2019
INFO:root:Best model with loss 17.150583556137885 at iteration 9000 @ Fri Dec  6 12:29:45 2019
INFO:root:Best model with loss 16.515012197485397 at iteration 10000 @ Fri Dec  6 12:32:06 2019
INFO:root:Best model with loss 16.21698338673472 at iteration 11000 @ Fri Dec  6 12:34:27 2019
INFO:root:Best model with loss 15.775064674603335 at iteration 12000 @ Fri Dec  6 12:36:48 2019
INFO:root:Best model with loss 15.291636550232925 at iteration 13000 @ Fri Dec  6 12:39:10 2019
INFO:root:Best model with loss 15.096057170623808 at iteration 14000 @ Fri Dec  6 12:41:30 2019
INFO:root:Best model with loss 14.8090137478046 at iteration 15000 @ Fri Dec  6 12:43:51 2019
INFO:root:Best model with loss 14.598985191061026 at iteration 16000 @ Fri Dec  6 12:46:09 2019
INFO:root:Best model with loss 14.395394894910519 at iteration 17000 @ Fri Dec  6 12:48:32 2019
INFO:root:Best model with loss 14.299057606184267 at iteration 18000 @ Fri Dec  6 12:50:50 2019
INFO:root:Best model with loss 14.055315731635181 at iteration 19000 @ Fri Dec  6 12:53:11 2019
INFO:root:Best model with loss 13.841756412976109 at iteration 20000 @ Fri Dec  6 12:55:33 2019
INFO:root:Best model with loss 13.715560445084158 at iteration 21000 @ Fri Dec  6 12:57:55 2019
INFO:root:Best model with loss 13.655702029485985 at iteration 22000 @ Fri Dec  6 13:00:17 2019
INFO:root:Best model with loss 13.414958801378836 at iteration 23000 @ Fri Dec  6 13:02:40 2019
INFO:root:Best model with loss 13.331923580260764 at iteration 24000 @ Fri Dec  6 13:05:03 2019
INFO:root:Best model with loss 13.234778936180254 at iteration 25000 @ Fri Dec  6 13:07:25 2019
INFO:root:Best model with loss 13.036393632679296 at iteration 27000 @ Fri Dec  6 13:12:07 2019
INFO:root:Best model with loss 12.937295994945334 at iteration 28000 @ Fri Dec  6 13:14:27 2019
INFO:root:Best model with loss 12.802020173132021 at iteration 29000 @ Fri Dec  6 13:16:47 2019
INFO:root:Best model with loss 12.63642930611043 at iteration 31000 @ Fri Dec  6 13:21:27 2019
INFO:root:Best model with loss 12.53418879978067 at iteration 34000 @ Fri Dec  6 13:28:32 2019
INFO:root:Best model with loss 12.452254122831532 at iteration 35000 @ Fri Dec  6 13:30:53 2019
INFO:root:Best model with loss 12.296086646720354 at iteration 37000 @ Fri Dec  6 13:35:35 2019
INFO:root:Best model with loss 12.165814809061395 at iteration 38000 @ Fri Dec  6 13:37:57 2019
INFO:root:Best model with loss 12.151287635212983 at iteration 39000 @ Fri Dec  6 13:40:19 2019
INFO:root:Best model with loss 12.10863272166867 at iteration 40000 @ Fri Dec  6 13:42:42 2019
INFO:root:Best model with loss 11.99862630164612 at iteration 41000 @ Fri Dec  6 13:45:03 2019
INFO:root:Best model with loss 11.948005343986445 at iteration 44000 @ Fri Dec  6 13:52:04 2019
INFO:root:Best model with loss 11.784752249694941 at iteration 45000 @ Fri Dec  6 13:54:25 2019
INFO:root:Best model with loss 11.741788244748411 at iteration 49000 @ Fri Dec  6 14:03:52 2019
INFO:root:Best model with loss 11.646383414136418 at iteration 50000 @ Fri Dec  6 14:06:14 2019
INFO:root:Best model with loss 11.633560466857444 at iteration 53000 @ Fri Dec  6 14:13:18 2019
INFO:root:Restore training @ Fri Dec  6 16:51:26 2019
INFO:root:Start training @ Fri Dec  6 17:16:04 2019
INFO:root:Best model with loss 56.612629470756644 at iteration 1000 @ Fri Dec  6 17:18:10 2019
INFO:root:Best model with loss 31.709671108249278 at iteration 2000 @ Fri Dec  6 17:20:19 2019
INFO:root:Best model with loss 24.606967608990804 at iteration 3000 @ Fri Dec  6 17:22:26 2019
INFO:root:Best model with loss 21.206716530620785 at iteration 4000 @ Fri Dec  6 17:24:33 2019
INFO:root:Best model with loss 19.11715617972457 at iteration 5000 @ Fri Dec  6 17:26:41 2019
INFO:root:Best model with loss 17.81848517672392 at iteration 6000 @ Fri Dec  6 17:28:48 2019
INFO:root:Best model with loss 16.908948982629493 at iteration 7000 @ Fri Dec  6 17:30:56 2019
INFO:root:Best model with loss 16.224950361637415 at iteration 8000 @ Fri Dec  6 17:33:04 2019
INFO:root:Best model with loss 15.656687353156434 at iteration 9000 @ Fri Dec  6 17:35:10 2019
INFO:root:Best model with loss 15.298573079756114 at iteration 10000 @ Fri Dec  6 17:37:17 2019
INFO:root:Best model with loss 14.857297021295182 at iteration 11000 @ Fri Dec  6 17:39:25 2019
INFO:root:Best model with loss 14.581643111579394 at iteration 12000 @ Fri Dec  6 17:41:31 2019
INFO:root:Best model with loss 14.38643490978971 at iteration 13000 @ Fri Dec  6 17:43:37 2019
INFO:root:Best model with loss 14.008294899487217 at iteration 14000 @ Fri Dec  6 17:45:44 2019
INFO:root:Best model with loss 13.846360280807234 at iteration 15000 @ Fri Dec  6 17:47:53 2019
INFO:root:Best model with loss 13.695592943998681 at iteration 16000 @ Fri Dec  6 17:50:00 2019
INFO:root:Best model with loss 13.574926945976813 at iteration 17000 @ Fri Dec  6 17:52:08 2019
INFO:root:Best model with loss 13.330248816765222 at iteration 18000 @ Fri Dec  6 17:54:15 2019
INFO:root:Best model with loss 13.260423853583735 at iteration 19000 @ Fri Dec  6 17:56:22 2019
INFO:root:Best model with loss 13.116534926627846 at iteration 20000 @ Fri Dec  6 17:58:29 2019
INFO:root:Best model with loss 12.973174075446254 at iteration 21000 @ Fri Dec  6 18:00:35 2019
INFO:root:Best model with loss 12.883828499889116 at iteration 22000 @ Fri Dec  6 18:02:43 2019
INFO:root:Best model with loss 12.776254101262259 at iteration 23000 @ Fri Dec  6 18:04:51 2019
INFO:root:Best model with loss 12.730598923031103 at iteration 24000 @ Fri Dec  6 18:06:56 2019
INFO:root:Best model with loss 12.608652917051359 at iteration 25000 @ Fri Dec  6 18:09:02 2019
INFO:root:Best model with loss 12.566130583626883 at iteration 26000 @ Fri Dec  6 18:11:08 2019
INFO:root:Best model with loss 12.465670799330773 at iteration 27000 @ Fri Dec  6 18:13:16 2019
INFO:root:Best model with loss 12.457052198617392 at iteration 28000 @ Fri Dec  6 18:15:23 2019
INFO:root:Best model with loss 12.367588673854668 at iteration 29000 @ Fri Dec  6 18:17:31 2019
INFO:root:Best model with loss 12.333799210520125 at iteration 30000 @ Fri Dec  6 18:19:39 2019
INFO:root:Best model with loss 12.209311069204052 at iteration 31000 @ Fri Dec  6 18:21:45 2019
INFO:root:Best model with loss 12.070238608662759 at iteration 33000 @ Fri Dec  6 18:26:01 2019
INFO:root:Best model with loss 12.063757528149107 at iteration 36000 @ Fri Dec  6 18:32:20 2019
INFO:root:Best model with loss 11.993972898964826 at iteration 37000 @ Fri Dec  6 18:34:26 2019
INFO:root:Best model with loss 11.919424775390077 at iteration 38000 @ Fri Dec  6 18:36:34 2019
INFO:root:Best model with loss 11.859846178861963 at iteration 39000 @ Fri Dec  6 18:38:41 2019
INFO:root:Best model with loss 11.848311901863694 at iteration 40000 @ Fri Dec  6 18:40:47 2019
INFO:root:Best model with loss 11.739049049850422 at iteration 41000 @ Fri Dec  6 18:42:54 2019
INFO:root:Best model with loss 11.705463186300026 at iteration 42000 @ Fri Dec  6 18:45:01 2019
INFO:root:Best model with loss 11.696512214235646 at iteration 44000 @ Fri Dec  6 18:49:13 2019
INFO:root:Best model with loss 11.56166036662387 at iteration 45000 @ Fri Dec  6 18:51:21 2019
INFO:root:Best model with loss 11.522144792493355 at iteration 48000 @ Fri Dec  6 18:57:40 2019
INFO:root:Best model with loss 11.491590022612346 at iteration 49000 @ Fri Dec  6 18:59:46 2019
INFO:root:Best model with loss 11.404799430004028 at iteration 50000 @ Fri Dec  6 19:01:52 2019
INFO:root:Best model with loss 11.345001227215187 at iteration 53000 @ Fri Dec  6 19:08:14 2019
INFO:root:Best model with loss 11.275405957649554 at iteration 55000 @ Fri Dec  6 19:12:27 2019
INFO:root:Best model with loss 11.251627272051515 at iteration 57000 @ Fri Dec  6 19:16:40 2019
INFO:root:Best model with loss 11.246363614982887 at iteration 58000 @ Fri Dec  6 19:18:48 2019
INFO:root:Best model with loss 11.181605011219391 at iteration 60000 @ Fri Dec  6 19:23:01 2019
INFO:root:Best model with loss 11.130476053962811 at iteration 61000 @ Fri Dec  6 19:25:09 2019
INFO:root:Best model with loss 11.083535042049 at iteration 62000 @ Fri Dec  6 19:27:16 2019
INFO:root:Best model with loss 11.080242997209767 at iteration 65000 @ Fri Dec  6 19:33:34 2019
INFO:root:Best model with loss 11.063396515379269 at iteration 67000 @ Fri Dec  6 19:37:51 2019
INFO:root:Best model with loss 10.995201544748806 at iteration 68000 @ Fri Dec  6 19:39:59 2019
INFO:root:Best model with loss 10.96848412896745 at iteration 69000 @ Fri Dec  6 19:42:07 2019
INFO:root:Best model with loss 10.964914396274015 at iteration 70000 @ Fri Dec  6 19:44:15 2019
INFO:root:Best model with loss 10.925122007933803 at iteration 74000 @ Fri Dec  6 19:52:43 2019
INFO:root:Best model with loss 10.897944465458982 at iteration 75000 @ Fri Dec  6 19:54:49 2019
INFO:root:Best model with loss 10.876657819790767 at iteration 76000 @ Fri Dec  6 19:56:57 2019
INFO:root:Best model with loss 10.84706021589089 at iteration 79000 @ Fri Dec  6 20:03:17 2019
INFO:root:Best model with loss 10.812668741231338 at iteration 80000 @ Fri Dec  6 20:05:24 2019
INFO:root:Best model with loss 10.75866570245652 at iteration 83000 @ Fri Dec  6 20:11:44 2019
INFO:root:Best model with loss 10.717675325234303 at iteration 85000 @ Fri Dec  6 20:15:58 2019
INFO:root:Best model with loss 10.693556664938983 at iteration 87000 @ Fri Dec  6 20:20:10 2019
INFO:root:Best model with loss 10.673189976016145 at iteration 89000 @ Fri Dec  6 20:24:24 2019
INFO:root:Best model with loss 10.66854663379323 at iteration 94000 @ Fri Dec  6 20:34:58 2019
INFO:root:Best model with loss 10.634419872218816 at iteration 95000 @ Fri Dec  6 20:37:04 2019
INFO:root:Best model with loss 10.61176711028477 at iteration 96000 @ Fri Dec  6 20:39:12 2019
INFO:root:Best model with loss 10.602296864183122 at iteration 99000 @ Fri Dec  6 20:45:35 2019
INFO:root:Best model with loss 10.570656418436192 at iteration 102000 @ Fri Dec  6 20:51:56 2019
INFO:root:Best model with loss 10.556599869432475 at iteration 105000 @ Fri Dec  6 20:58:16 2019
INFO:root:Start training @ Fri Dec  6 21:01:09 2019
INFO:root:Start training @ Fri Dec  6 21:19:24 2019
INFO:root:Best model with loss 67.48944283551161 at iteration 1000 @ Fri Dec  6 21:21:30 2019
INFO:root:Best model with loss 34.362314250199894 at iteration 2000 @ Fri Dec  6 21:23:36 2019
INFO:root:Best model with loss 25.87063647804971 at iteration 3000 @ Fri Dec  6 21:25:42 2019
INFO:root:Best model with loss 21.981935639106208 at iteration 4000 @ Fri Dec  6 21:27:48 2019
INFO:root:Best model with loss 19.733431533275496 at iteration 5000 @ Fri Dec  6 21:29:54 2019
INFO:root:Best model with loss 18.44335052058479 at iteration 6000 @ Fri Dec  6 21:32:00 2019
INFO:root:Best model with loss 17.375807786003918 at iteration 7000 @ Fri Dec  6 21:34:07 2019
INFO:root:Best model with loss 16.53208508871658 at iteration 8000 @ Fri Dec  6 21:36:15 2019
INFO:root:Best model with loss 16.088375019079482 at iteration 9000 @ Fri Dec  6 21:38:20 2019
INFO:root:Best model with loss 15.500345268566475 at iteration 10000 @ Fri Dec  6 21:40:27 2019
INFO:root:Best model with loss 15.237790074788558 at iteration 11000 @ Fri Dec  6 21:42:34 2019
INFO:root:Best model with loss 14.858060074794862 at iteration 12000 @ Fri Dec  6 21:44:40 2019
INFO:root:Best model with loss 14.557347901055392 at iteration 13000 @ Fri Dec  6 21:46:47 2019
INFO:root:Best model with loss 14.378133370917539 at iteration 14000 @ Fri Dec  6 21:48:53 2019
INFO:root:Best model with loss 14.144822412572655 at iteration 15000 @ Fri Dec  6 21:51:00 2019
INFO:root:Best model with loss 13.917335356740825 at iteration 16000 @ Fri Dec  6 21:53:04 2019
INFO:root:Best model with loss 13.771444476933096 at iteration 17000 @ Fri Dec  6 21:55:11 2019
INFO:root:Best model with loss 13.697046603038556 at iteration 18000 @ Fri Dec  6 21:57:16 2019
INFO:root:Best model with loss 13.522801087022016 at iteration 19000 @ Fri Dec  6 21:59:20 2019
INFO:root:Best model with loss 13.239789837953511 at iteration 20000 @ Fri Dec  6 22:01:26 2019
INFO:root:Best model with loss 13.088019506513149 at iteration 21000 @ Fri Dec  6 22:03:31 2019
INFO:root:Best model with loss 13.01147288637913 at iteration 22000 @ Fri Dec  6 22:05:36 2019
INFO:root:Best model with loss 12.917618995373527 at iteration 23000 @ Fri Dec  6 22:07:41 2019
INFO:root:Best model with loss 12.890095594720092 at iteration 24000 @ Fri Dec  6 22:09:46 2019
INFO:root:Best model with loss 12.773464532694119 at iteration 25000 @ Fri Dec  6 22:11:53 2019
INFO:root:Best model with loss 12.643510611769914 at iteration 26000 @ Fri Dec  6 22:13:59 2019
INFO:root:Best model with loss 12.588811981214878 at iteration 27000 @ Fri Dec  6 22:16:04 2019
INFO:root:Best model with loss 12.406853587563697 at iteration 29000 @ Fri Dec  6 22:20:16 2019
INFO:root:Best model with loss 12.341312723868674 at iteration 31000 @ Fri Dec  6 22:24:27 2019
INFO:root:Best model with loss 12.214489198860736 at iteration 33000 @ Fri Dec  6 22:28:38 2019
INFO:root:Best model with loss 12.142856375769018 at iteration 34000 @ Fri Dec  6 22:30:44 2019
INFO:root:Best model with loss 12.068489558975696 at iteration 36000 @ Fri Dec  6 22:34:54 2019
INFO:root:Best model with loss 12.068200477824542 at iteration 37000 @ Fri Dec  6 22:37:02 2019
INFO:root:Best model with loss 12.017798921185452 at iteration 38000 @ Fri Dec  6 22:39:08 2019
INFO:root:Best model with loss 11.916865691521878 at iteration 39000 @ Fri Dec  6 22:41:12 2019
INFO:root:Best model with loss 11.886216599716917 at iteration 40000 @ Fri Dec  6 22:43:20 2019
INFO:root:Best model with loss 11.839610343468797 at iteration 41000 @ Fri Dec  6 22:45:26 2019
INFO:root:Best model with loss 11.749402917553113 at iteration 43000 @ Fri Dec  6 22:49:36 2019
INFO:root:Best model with loss 11.744921382164756 at iteration 44000 @ Fri Dec  6 22:51:43 2019
INFO:root:Best model with loss 11.698722916626004 at iteration 45000 @ Fri Dec  6 22:53:50 2019
INFO:root:Best model with loss 11.671230776444355 at iteration 46000 @ Fri Dec  6 22:55:58 2019
INFO:root:Best model with loss 11.642353166999534 at iteration 47000 @ Fri Dec  6 22:58:05 2019
INFO:root:Best model with loss 11.638110168237727 at iteration 48000 @ Fri Dec  6 23:00:12 2019
INFO:root:Best model with loss 11.542848146028687 at iteration 50000 @ Fri Dec  6 23:04:24 2019
INFO:root:Best model with loss 11.516410001304587 at iteration 51000 @ Fri Dec  6 23:06:30 2019
INFO:root:Best model with loss 11.440307078521064 at iteration 53000 @ Fri Dec  6 23:10:43 2019
INFO:root:Best model with loss 11.28215975920966 at iteration 57000 @ Fri Dec  6 23:19:10 2019
INFO:root:Best model with loss 11.277916629207876 at iteration 60000 @ Fri Dec  6 23:25:29 2019
INFO:root:Best model with loss 11.205658400420148 at iteration 63000 @ Fri Dec  6 23:31:50 2019
INFO:root:Best model with loss 11.15490011116266 at iteration 64000 @ Fri Dec  6 23:33:57 2019
INFO:root:Best model with loss 11.135021480078004 at iteration 66000 @ Fri Dec  6 23:38:07 2019
INFO:root:Best model with loss 11.104819551404075 at iteration 68000 @ Fri Dec  6 23:42:21 2019
INFO:root:Best model with loss 11.066540341277673 at iteration 70000 @ Fri Dec  6 23:46:33 2019
INFO:root:Best model with loss 11.021307748434332 at iteration 72000 @ Fri Dec  6 23:50:45 2019
INFO:root:Best model with loss 10.989903629524854 at iteration 77000 @ Sat Dec  7 00:01:14 2019
INFO:root:Best model with loss 10.939353952208664 at iteration 78000 @ Sat Dec  7 00:03:19 2019
INFO:root:Best model with loss 10.927532578456972 at iteration 79000 @ Sat Dec  7 00:05:25 2019
INFO:root:Best model with loss 10.88935512308857 at iteration 81000 @ Sat Dec  7 00:09:40 2019
INFO:root:Best model with loss 10.888369398119208 at iteration 82000 @ Sat Dec  7 00:11:45 2019
INFO:root:Best model with loss 10.88199738580244 at iteration 84000 @ Sat Dec  7 00:15:58 2019
INFO:root:Best model with loss 10.853699293892598 at iteration 86000 @ Sat Dec  7 00:20:12 2019
INFO:root:Best model with loss 10.836084348026244 at iteration 87000 @ Sat Dec  7 00:22:17 2019
INFO:root:Best model with loss 10.789580723239737 at iteration 89000 @ Sat Dec  7 00:26:27 2019
INFO:root:Best model with loss 10.760422965186166 at iteration 93000 @ Sat Dec  7 00:34:51 2019
INFO:root:Best model with loss 10.732070536156224 at iteration 94000 @ Sat Dec  7 00:36:57 2019
INFO:root:Best model with loss 10.721033472814588 at iteration 98000 @ Sat Dec  7 00:45:18 2019
INFO:root:Best model with loss 10.686051600225154 at iteration 99000 @ Sat Dec  7 00:47:22 2019
INFO:root:Best model with loss 10.6728530696181 at iteration 102000 @ Sat Dec  7 00:53:39 2019
INFO:root:Best model with loss 10.633595091526145 at iteration 107000 @ Sat Dec  7 01:04:10 2019
INFO:root:Best model with loss 10.581374792856712 at iteration 113000 @ Sat Dec  7 01:16:47 2019
INFO:root:Best model with loss 10.565495477192808 at iteration 119000 @ Sat Dec  7 01:29:22 2019
INFO:root:Best model with loss 10.556325268097575 at iteration 120000 @ Sat Dec  7 01:31:30 2019
INFO:root:Best model with loss 10.539546430027944 at iteration 121000 @ Sat Dec  7 01:33:38 2019
INFO:root:Best model with loss 10.519057386215419 at iteration 123000 @ Sat Dec  7 01:37:49 2019
INFO:root:Best model with loss 10.49099909278909 at iteration 124000 @ Sat Dec  7 01:39:56 2019
INFO:root:Best model with loss 10.448862944713689 at iteration 130000 @ Sat Dec  7 01:52:28 2019
INFO:root:Best model with loss 10.441588454521723 at iteration 134000 @ Sat Dec  7 02:00:49 2019
INFO:root:Best model with loss 10.430272643806532 at iteration 137000 @ Sat Dec  7 02:07:09 2019
INFO:root:Best model with loss 10.40666089463764 at iteration 138000 @ Sat Dec  7 02:09:14 2019
INFO:root:Best model with loss 10.39316454848198 at iteration 140000 @ Sat Dec  7 02:13:26 2019
INFO:root:Best model with loss 10.39051444034161 at iteration 145000 @ Sat Dec  7 02:23:57 2019
INFO:root:Best model with loss 10.376247066255369 at iteration 147000 @ Sat Dec  7 02:28:10 2019
INFO:root:Best model with loss 10.3612359033872 at iteration 154000 @ Sat Dec  7 02:42:49 2019
INFO:root:Best model with loss 10.326684395125977 at iteration 157000 @ Sat Dec  7 02:49:05 2019
INFO:root:Best model with loss 10.302280169627705 at iteration 161000 @ Sat Dec  7 02:57:25 2019
INFO:root:Best model with loss 10.290930834294116 at iteration 166000 @ Sat Dec  7 03:07:53 2019
INFO:root:Best model with loss 10.286844937752639 at iteration 167000 @ Sat Dec  7 03:09:59 2019
INFO:root:Best model with loss 10.249277086769787 at iteration 170000 @ Sat Dec  7 03:16:15 2019
INFO:root:Best model with loss 10.223175959541052 at iteration 175000 @ Sat Dec  7 03:26:47 2019
INFO:root:Best model with loss 10.212456757797971 at iteration 180000 @ Sat Dec  7 03:37:18 2019
INFO:root:Best model with loss 10.210144912133773 at iteration 184000 @ Sat Dec  7 03:45:43 2019
INFO:root:Best model with loss 10.195415634405418 at iteration 192000 @ Sat Dec  7 04:02:30 2019
INFO:root:Best model with loss 10.165672522921147 at iteration 193000 @ Sat Dec  7 04:04:35 2019
INFO:root:Best model with loss 10.164553816302986 at iteration 202000 @ Sat Dec  7 04:23:25 2019
INFO:root:Best model with loss 10.120134652782605 at iteration 205000 @ Sat Dec  7 04:29:44 2019
INFO:root:Best model with loss 10.11650272894516 at iteration 211000 @ Sat Dec  7 04:42:21 2019
INFO:root:Best model with loss 10.110496473708583 at iteration 213000 @ Sat Dec  7 04:46:33 2019
INFO:root:Best model with loss 10.091443603279188 at iteration 228000 @ Sat Dec  7 05:18:05 2019
INFO:root:Best model with loss 10.08462474239614 at iteration 229000 @ Sat Dec  7 05:20:12 2019
INFO:root:Best model with loss 10.077978598720808 at iteration 234000 @ Sat Dec  7 05:30:38 2019
INFO:root:Best model with loss 10.068150227476233 at iteration 235000 @ Sat Dec  7 05:32:46 2019
INFO:root:Best model with loss 10.052227199476487 at iteration 237000 @ Sat Dec  7 05:36:59 2019
INFO:root:Best model with loss 10.029793889105468 at iteration 246000 @ Sat Dec  7 05:55:55 2019
INFO:root:Best model with loss 10.008778063698937 at iteration 251000 @ Sat Dec  7 06:06:26 2019
INFO:root:Best model with loss 9.99792757237758 at iteration 265000 @ Sat Dec  7 06:35:47 2019
INFO:root:Best model with loss 9.994240183458686 at iteration 268000 @ Sat Dec  7 06:42:03 2019
INFO:root:Best model with loss 9.983336601283025 at iteration 270000 @ Sat Dec  7 06:46:17 2019
INFO:root:Best model with loss 9.978358793911868 at iteration 276000 @ Sat Dec  7 06:58:47 2019
INFO:root:Best model with loss 9.964628505985202 at iteration 285000 @ Sat Dec  7 07:17:43 2019
INFO:root:Best model with loss 9.962065264660938 at iteration 292000 @ Sat Dec  7 07:32:24 2019
INFO:root:Best model with loss 9.96070356559625 at iteration 294000 @ Sat Dec  7 07:36:38 2019
INFO:root:Best model with loss 9.947310755018863 at iteration 299000 @ Sat Dec  7 07:47:05 2019
INFO:root:Best model with loss 9.919260115230482 at iteration 307000 @ Sat Dec  7 08:03:46 2019
INFO:root:Best model with loss 9.918303611116304 at iteration 317000 @ Sat Dec  7 08:24:45 2019
INFO:root:Best model with loss 9.910419416652484 at iteration 325000 @ Sat Dec  7 08:41:28 2019
INFO:root:Best model with loss 9.895236478814537 at iteration 333000 @ Sat Dec  7 08:58:13 2019
INFO:root:Best model with loss 9.887042420166892 at iteration 335000 @ Sat Dec  7 09:02:25 2019
INFO:root:Best model with loss 9.876603265432944 at iteration 343000 @ Sat Dec  7 09:19:12 2019
INFO:root:Best model with loss 9.870808441998207 at iteration 347000 @ Sat Dec  7 09:27:39 2019
INFO:root:Best model with loss 9.862272057403695 at iteration 349000 @ Sat Dec  7 09:31:52 2019
INFO:root:Best model with loss 9.853277914277253 at iteration 356000 @ Sat Dec  7 09:46:34 2019
INFO:root:Best model with loss 9.849591659658977 at iteration 368000 @ Sat Dec  7 10:11:44 2019
INFO:root:Best model with loss 9.82660981346831 at iteration 379000 @ Sat Dec  7 10:34:38 2019
INFO:root:Best model with loss 9.79799490713843 at iteration 395000 @ Sat Dec  7 11:08:18 2019
INFO:root:Best model with loss 9.797525800888709 at iteration 401000 @ Sat Dec  7 11:20:53 2019
INFO:root:Best model with loss 9.78449353394336 at iteration 409000 @ Sat Dec  7 11:37:41 2019
INFO:root:Best model with loss 9.777838035650316 at iteration 414000 @ Sat Dec  7 11:48:09 2019
INFO:root:Best model with loss 9.750929201230182 at iteration 443000 @ Sat Dec  7 12:48:59 2019
INFO:root:Best model with loss 9.740310103465486 at iteration 464000 @ Sat Dec  7 13:32:53 2019
INFO:root:Best model with loss 9.713898393145685 at iteration 499000 @ Sat Dec  7 14:46:14 2019
INFO:root:Start training @ Sat Dec  7 15:11:18 2019
INFO:root:Best model with loss 61.058766160952544 at iteration 1000 @ Sat Dec  7 15:13:24 2019
INFO:root:Best model with loss 32.24945640572531 at iteration 2000 @ Sat Dec  7 15:15:31 2019
INFO:root:Best model with loss 24.23085549502541 at iteration 3000 @ Sat Dec  7 15:17:38 2019
INFO:root:Best model with loss 20.825008244303515 at iteration 4000 @ Sat Dec  7 15:19:45 2019
INFO:root:Best model with loss 19.04408059247606 at iteration 5000 @ Sat Dec  7 15:21:51 2019
INFO:root:Best model with loss 17.55413267476998 at iteration 6000 @ Sat Dec  7 15:24:01 2019
INFO:root:Best model with loss 16.728278515479712 at iteration 7000 @ Sat Dec  7 15:26:08 2019
INFO:root:Best model with loss 16.050946365140568 at iteration 8000 @ Sat Dec  7 15:28:16 2019
INFO:root:Best model with loss 15.493963057824047 at iteration 9000 @ Sat Dec  7 15:30:25 2019
INFO:root:Best model with loss 15.196420097051243 at iteration 10000 @ Sat Dec  7 15:32:32 2019
INFO:root:Best model with loss 14.810062594684675 at iteration 11000 @ Sat Dec  7 15:34:36 2019
INFO:root:Best model with loss 14.48286270768675 at iteration 12000 @ Sat Dec  7 15:36:42 2019
INFO:root:Best model with loss 14.267540611440134 at iteration 13000 @ Sat Dec  7 15:38:48 2019
INFO:root:Best model with loss 14.007639350608416 at iteration 14000 @ Sat Dec  7 15:40:56 2019
INFO:root:Best model with loss 13.796007849665243 at iteration 15000 @ Sat Dec  7 15:43:04 2019
INFO:root:Best model with loss 13.56874270444502 at iteration 16000 @ Sat Dec  7 15:45:10 2019
INFO:root:Best model with loss 13.429056433680458 at iteration 17000 @ Sat Dec  7 15:47:17 2019
INFO:root:Best model with loss 13.29213198540373 at iteration 18000 @ Sat Dec  7 15:49:23 2019
INFO:root:Best model with loss 13.175244359672405 at iteration 19000 @ Sat Dec  7 15:51:30 2019
INFO:root:Best model with loss 13.02841678639088 at iteration 20000 @ Sat Dec  7 15:53:38 2019
INFO:root:Best model with loss 12.90842861644129 at iteration 21000 @ Sat Dec  7 15:55:46 2019
INFO:root:Best model with loss 12.673997543304122 at iteration 23000 @ Sat Dec  7 15:59:58 2019
INFO:root:Best model with loss 12.626266292740784 at iteration 24000 @ Sat Dec  7 16:02:04 2019
INFO:root:Best model with loss 12.515993146041847 at iteration 25000 @ Sat Dec  7 16:04:10 2019
INFO:root:Best model with loss 12.392170013643613 at iteration 27000 @ Sat Dec  7 16:08:24 2019
INFO:root:Best model with loss 12.310295664035362 at iteration 28000 @ Sat Dec  7 16:10:30 2019
INFO:root:Best model with loss 12.177035049928485 at iteration 29000 @ Sat Dec  7 16:12:36 2019
INFO:root:Best model with loss 12.091886120412207 at iteration 30000 @ Sat Dec  7 16:14:43 2019
INFO:root:Best model with loss 12.077906433523518 at iteration 31000 @ Sat Dec  7 16:16:50 2019
INFO:root:Best model with loss 12.013648644752939 at iteration 33000 @ Sat Dec  7 16:21:06 2019
INFO:root:Best model with loss 11.876487497123685 at iteration 34000 @ Sat Dec  7 16:23:12 2019
INFO:root:Best model with loss 11.82755810283367 at iteration 36000 @ Sat Dec  7 16:27:27 2019
INFO:root:Best model with loss 11.765593822538358 at iteration 37000 @ Sat Dec  7 16:29:33 2019
INFO:root:Best model with loss 11.751354454395184 at iteration 38000 @ Sat Dec  7 16:31:39 2019
INFO:root:Best model with loss 11.662249607314909 at iteration 39000 @ Sat Dec  7 16:33:48 2019
INFO:root:Best model with loss 11.649022579214531 at iteration 40000 @ Sat Dec  7 16:35:56 2019
INFO:root:Best model with loss 11.574444457747388 at iteration 42000 @ Sat Dec  7 16:40:11 2019
INFO:root:Best model with loss 11.532769082868445 at iteration 43000 @ Sat Dec  7 16:42:17 2019
INFO:root:Best model with loss 11.488458975229321 at iteration 44000 @ Sat Dec  7 16:44:24 2019
INFO:root:Best model with loss 11.408526340795586 at iteration 47000 @ Sat Dec  7 16:50:46 2019
INFO:root:Best model with loss 11.386234953268014 at iteration 49000 @ Sat Dec  7 16:54:59 2019
INFO:root:Best model with loss 11.353829336605418 at iteration 50000 @ Sat Dec  7 16:57:05 2019
INFO:root:Best model with loss 11.310435887526696 at iteration 51000 @ Sat Dec  7 16:59:10 2019
INFO:root:Best model with loss 11.222084569941739 at iteration 52000 @ Sat Dec  7 17:01:16 2019
INFO:root:Best model with loss 11.217200210574715 at iteration 53000 @ Sat Dec  7 17:03:22 2019
INFO:root:Best model with loss 11.176744096808665 at iteration 54000 @ Sat Dec  7 17:05:28 2019
INFO:root:Best model with loss 11.168805006769515 at iteration 56000 @ Sat Dec  7 17:09:39 2019
INFO:root:Best model with loss 11.161885440020301 at iteration 57000 @ Sat Dec  7 17:11:47 2019
INFO:root:Best model with loss 11.12880256870423 at iteration 58000 @ Sat Dec  7 17:13:53 2019
INFO:root:Best model with loss 11.128460232820132 at iteration 59000 @ Sat Dec  7 17:16:01 2019
INFO:root:Best model with loss 11.074416940099278 at iteration 61000 @ Sat Dec  7 17:20:14 2019
INFO:root:Best model with loss 11.017460503140219 at iteration 62000 @ Sat Dec  7 17:22:19 2019
INFO:root:Best model with loss 10.989936617104465 at iteration 64000 @ Sat Dec  7 17:26:33 2019
INFO:root:Best model with loss 10.975321799740213 at iteration 65000 @ Sat Dec  7 17:28:38 2019
INFO:root:Best model with loss 10.948052199042676 at iteration 66000 @ Sat Dec  7 17:30:45 2019
INFO:root:Best model with loss 10.880806027234016 at iteration 67000 @ Sat Dec  7 17:32:52 2019
INFO:root:Best model with loss 10.864371864837983 at iteration 69000 @ Sat Dec  7 17:37:07 2019
INFO:root:Best model with loss 10.854805779001993 at iteration 73000 @ Sat Dec  7 17:45:33 2019
INFO:root:Best model with loss 10.820322915502754 at iteration 74000 @ Sat Dec  7 17:47:40 2019
INFO:root:Best model with loss 10.80851721147888 at iteration 77000 @ Sat Dec  7 17:54:01 2019
INFO:root:Best model with loss 10.757323196414559 at iteration 78000 @ Sat Dec  7 17:56:08 2019
INFO:root:Best model with loss 10.73225492746836 at iteration 79000 @ Sat Dec  7 17:58:14 2019
INFO:root:Best model with loss 10.71852857682669 at iteration 82000 @ Sat Dec  7 18:04:35 2019
INFO:root:Best model with loss 10.711126571919124 at iteration 83000 @ Sat Dec  7 18:06:41 2019
INFO:root:Best model with loss 10.664761872873022 at iteration 84000 @ Sat Dec  7 18:08:48 2019
INFO:root:Best model with loss 10.651688553857023 at iteration 86000 @ Sat Dec  7 18:13:02 2019
INFO:root:Best model with loss 10.64466134556861 at iteration 89000 @ Sat Dec  7 18:19:21 2019
INFO:root:Best model with loss 10.620221224480096 at iteration 90000 @ Sat Dec  7 18:21:30 2019
INFO:root:Best model with loss 10.598219991153261 at iteration 91000 @ Sat Dec  7 18:23:36 2019
INFO:root:Best model with loss 10.569953844184798 at iteration 94000 @ Sat Dec  7 18:29:54 2019
INFO:root:Best model with loss 10.564935079832011 at iteration 96000 @ Sat Dec  7 18:34:07 2019
INFO:root:Best model with loss 10.525943316038394 at iteration 98000 @ Sat Dec  7 18:38:20 2019
INFO:root:Best model with loss 10.501008330370212 at iteration 103000 @ Sat Dec  7 18:48:46 2019
INFO:root:Best model with loss 10.4997015029801 at iteration 104000 @ Sat Dec  7 18:50:52 2019
INFO:root:Best model with loss 10.483570919897806 at iteration 105000 @ Sat Dec  7 18:52:57 2019
INFO:root:Best model with loss 10.454324472145956 at iteration 107000 @ Sat Dec  7 18:57:11 2019
INFO:root:Best model with loss 10.454190843720504 at iteration 110000 @ Sat Dec  7 19:03:28 2019
INFO:root:Best model with loss 10.415292490752071 at iteration 111000 @ Sat Dec  7 19:05:35 2019
INFO:root:Best model with loss 10.384096163105703 at iteration 113000 @ Sat Dec  7 19:09:47 2019
INFO:root:Best model with loss 10.355765170738346 at iteration 118000 @ Sat Dec  7 19:20:19 2019
INFO:root:Best model with loss 10.345413731083076 at iteration 120000 @ Sat Dec  7 19:24:33 2019
INFO:root:Best model with loss 10.336076770373845 at iteration 123000 @ Sat Dec  7 19:30:52 2019
INFO:root:Best model with loss 10.32531886191789 at iteration 124000 @ Sat Dec  7 19:32:59 2019
INFO:root:Best model with loss 10.276429715725161 at iteration 126000 @ Sat Dec  7 19:37:12 2019
INFO:root:Best model with loss 10.245165043147045 at iteration 135000 @ Sat Dec  7 19:56:16 2019
INFO:root:Best model with loss 10.237599858374589 at iteration 138000 @ Sat Dec  7 20:02:36 2019
INFO:root:Best model with loss 10.189582451546885 at iteration 143000 @ Sat Dec  7 20:13:09 2019
INFO:root:Best model with loss 10.177612849264875 at iteration 149000 @ Sat Dec  7 20:25:46 2019
INFO:root:Best model with loss 10.166488913624521 at iteration 151000 @ Sat Dec  7 20:29:59 2019
INFO:root:Best model with loss 10.165441816575388 at iteration 152000 @ Sat Dec  7 20:32:04 2019
INFO:root:Best model with loss 10.162140857260495 at iteration 159000 @ Sat Dec  7 20:46:46 2019
INFO:root:Best model with loss 10.156075743206854 at iteration 160000 @ Sat Dec  7 20:48:52 2019
INFO:root:Best model with loss 10.132448136702083 at iteration 162000 @ Sat Dec  7 20:53:04 2019
INFO:root:Best model with loss 10.104515061805737 at iteration 164000 @ Sat Dec  7 20:57:18 2019
INFO:root:Best model with loss 10.099395141841427 at iteration 169000 @ Sat Dec  7 21:07:52 2019
INFO:root:Best model with loss 10.094588683681115 at iteration 178000 @ Sat Dec  7 21:26:56 2019
INFO:root:Best model with loss 10.081374431689776 at iteration 181000 @ Sat Dec  7 21:33:17 2019
INFO:root:Best model with loss 10.065971786050135 at iteration 186000 @ Sat Dec  7 21:43:47 2019
INFO:root:Best model with loss 10.057471209752434 at iteration 187000 @ Sat Dec  7 21:45:52 2019
INFO:root:Best model with loss 10.012645167606268 at iteration 190000 @ Sat Dec  7 21:52:13 2019
INFO:root:Best model with loss 10.00304279631506 at iteration 193000 @ Sat Dec  7 21:58:33 2019
INFO:root:Best model with loss 9.99230156296054 at iteration 203000 @ Sat Dec  7 22:19:46 2019
INFO:root:Best model with loss 9.97353260058273 at iteration 209000 @ Sat Dec  7 22:32:30 2019
INFO:root:Best model with loss 9.942038731346926 at iteration 211000 @ Sat Dec  7 22:36:43 2019
INFO:root:Best model with loss 9.937939723486208 at iteration 232000 @ Sat Dec  7 23:21:06 2019
INFO:root:Best model with loss 9.93661210038489 at iteration 233000 @ Sat Dec  7 23:23:14 2019
INFO:root:Best model with loss 9.917968322013754 at iteration 237000 @ Sat Dec  7 23:31:40 2019
INFO:root:Best model with loss 9.895844010088167 at iteration 241000 @ Sat Dec  7 23:40:06 2019
INFO:root:Best model with loss 9.880199209813346 at iteration 245000 @ Sat Dec  7 23:48:31 2019
INFO:root:Best model with loss 9.87417445376619 at iteration 247000 @ Sat Dec  7 23:52:46 2019
INFO:root:Best model with loss 9.858848072088838 at iteration 255000 @ Sun Dec  8 00:09:39 2019
INFO:root:Best model with loss 9.839806373676717 at iteration 266000 @ Sun Dec  8 00:32:58 2019
INFO:root:Best model with loss 9.815287846553039 at iteration 276000 @ Sun Dec  8 00:53:58 2019
INFO:root:Best model with loss 9.813309436869199 at iteration 277000 @ Sun Dec  8 00:56:04 2019
INFO:root:Best model with loss 9.802420533867918 at iteration 290000 @ Sun Dec  8 01:23:30 2019
INFO:root:Best model with loss 9.797059381117908 at iteration 299000 @ Sun Dec  8 01:42:36 2019
INFO:root:Best model with loss 9.78318749022382 at iteration 301000 @ Sun Dec  8 01:46:47 2019
INFO:root:Best model with loss 9.76981183627523 at iteration 313000 @ Sun Dec  8 02:12:13 2019
INFO:root:Best model with loss 9.751613779965343 at iteration 319000 @ Sun Dec  8 02:24:51 2019
INFO:root:Best model with loss 9.739363460510788 at iteration 329000 @ Sun Dec  8 02:45:57 2019
INFO:root:Best model with loss 9.730848755527019 at iteration 340000 @ Sun Dec  8 03:09:11 2019
INFO:root:Best model with loss 9.728785800398427 at iteration 360000 @ Sun Dec  8 03:51:23 2019
INFO:root:Best model with loss 9.72530459128362 at iteration 366000 @ Sun Dec  8 04:03:59 2019
INFO:root:Best model with loss 9.693621142644602 at iteration 370000 @ Sun Dec  8 04:12:27 2019
INFO:root:Best model with loss 9.685269962501826 at iteration 384000 @ Sun Dec  8 04:41:59 2019
INFO:root:Best model with loss 9.670280875962638 at iteration 387000 @ Sun Dec  8 04:48:20 2019
INFO:root:Best model with loss 9.658388451696808 at iteration 397000 @ Sun Dec  8 05:09:30 2019
INFO:root:Best model with loss 9.64127305958369 at iteration 428000 @ Sun Dec  8 06:14:51 2019
INFO:root:Best model with loss 9.63537937321075 at iteration 474000 @ Sun Dec  8 07:51:55 2019
INFO:root:Best model with loss 9.623081372182021 at iteration 475000 @ Sun Dec  8 07:54:00 2019
INFO:root:Best model with loss 9.617735202548586 at iteration 502000 @ Sun Dec  8 08:50:55 2019
INFO:root:Best model with loss 9.607660707687492 at iteration 507000 @ Sun Dec  8 09:01:29 2019
INFO:root:Best model with loss 9.588144576841328 at iteration 521000 @ Sun Dec  8 09:31:05 2019
INFO:root:Best model with loss 9.588009620938921 at iteration 553000 @ Sun Dec  8 10:38:31 2019
INFO:root:Best model with loss 9.56820388406736 at iteration 567000 @ Sun Dec  8 11:08:00 2019
INFO:root:Start training @ Mon Jan  6 13:06:28 2020
INFO:root:Best model with loss 163.77479387957294 at iteration 1000 @ Mon Jan  6 13:09:24 2020
INFO:root:Start training @ Mon Jan  6 20:10:41 2020
INFO:root:Best model with loss 163.41408985890186 at iteration 1000 @ Mon Jan  6 20:13:34 2020
INFO:root:Best model with loss 100.15013026739304 at iteration 2000 @ Mon Jan  6 20:16:29 2020
INFO:root:Best model with loss 67.83519858359335 at iteration 3000 @ Mon Jan  6 20:19:24 2020
INFO:root:Best model with loss 50.81750192066252 at iteration 4000 @ Mon Jan  6 20:22:21 2020
INFO:root:Best model with loss 40.73878329318087 at iteration 5000 @ Mon Jan  6 20:25:17 2020
INFO:root:Best model with loss 34.40560130799338 at iteration 6000 @ Mon Jan  6 20:28:12 2020
INFO:root:Best model with loss 30.283187728235234 at iteration 7000 @ Mon Jan  6 20:31:10 2020
INFO:root:Best model with loss 27.377766383835823 at iteration 8000 @ Mon Jan  6 20:34:08 2020
INFO:root:Best model with loss 25.00367450809574 at iteration 9000 @ Mon Jan  6 20:37:05 2020
INFO:root:Best model with loss 23.29246971682783 at iteration 10000 @ Mon Jan  6 20:40:03 2020
INFO:root:Best model with loss 21.858226091081317 at iteration 11000 @ Mon Jan  6 20:42:59 2020
INFO:root:Best model with loss 20.896176896399165 at iteration 12000 @ Mon Jan  6 20:45:55 2020
INFO:root:Best model with loss 19.834322719936733 at iteration 13000 @ Mon Jan  6 20:48:53 2020
INFO:root:Best model with loss 19.15369509473259 at iteration 14000 @ Mon Jan  6 20:51:48 2020
INFO:root:Best model with loss 18.36564457294819 at iteration 15000 @ Mon Jan  6 20:54:44 2020
INFO:root:Best model with loss 17.650099779344774 at iteration 16000 @ Mon Jan  6 20:57:42 2020
INFO:root:Best model with loss 17.328111389791484 at iteration 17000 @ Mon Jan  6 21:00:38 2020
INFO:root:Best model with loss 16.748270062919772 at iteration 18000 @ Mon Jan  6 21:03:35 2020
INFO:root:Best model with loss 16.458865316732748 at iteration 19000 @ Mon Jan  6 21:06:31 2020
INFO:root:Best model with loss 15.892831208334393 at iteration 20000 @ Mon Jan  6 21:09:28 2020
INFO:root:Best model with loss 15.613599567839731 at iteration 21000 @ Mon Jan  6 21:12:22 2020
INFO:root:Best model with loss 15.36210875563674 at iteration 22000 @ Mon Jan  6 21:15:19 2020
INFO:root:Best model with loss 15.202488357192642 at iteration 23000 @ Mon Jan  6 21:18:13 2020
INFO:root:Best model with loss 15.011183273422349 at iteration 24000 @ Mon Jan  6 21:21:09 2020
INFO:root:Best model with loss 14.775732186908996 at iteration 25000 @ Mon Jan  6 21:24:03 2020
INFO:root:Best model with loss 14.481147525292219 at iteration 26000 @ Mon Jan  6 21:26:59 2020
INFO:root:Best model with loss 14.227889507549541 at iteration 27000 @ Mon Jan  6 21:29:55 2020
INFO:root:Best model with loss 14.080796694572584 at iteration 28000 @ Mon Jan  6 21:32:50 2020
INFO:root:Best model with loss 14.012283292865213 at iteration 29000 @ Mon Jan  6 21:35:47 2020
INFO:root:Best model with loss 13.717891880477076 at iteration 30000 @ Mon Jan  6 21:38:45 2020
INFO:root:Best model with loss 13.565768466856545 at iteration 31000 @ Mon Jan  6 21:41:41 2020
INFO:root:Best model with loss 13.385882926536155 at iteration 33000 @ Mon Jan  6 21:47:32 2020
INFO:root:Best model with loss 13.27452100041631 at iteration 34000 @ Mon Jan  6 21:50:28 2020
INFO:root:Best model with loss 13.171554291005688 at iteration 35000 @ Mon Jan  6 21:53:25 2020
INFO:root:Best model with loss 13.036489516096907 at iteration 36000 @ Mon Jan  6 21:56:22 2020
INFO:root:Best model with loss 12.911155569453935 at iteration 37000 @ Mon Jan  6 21:59:17 2020
INFO:root:Best model with loss 12.821118260416382 at iteration 38000 @ Mon Jan  6 22:02:13 2020
INFO:root:Best model with loss 12.714598409342774 at iteration 39000 @ Mon Jan  6 22:05:09 2020
INFO:root:Best model with loss 12.599871367440846 at iteration 41000 @ Mon Jan  6 22:10:57 2020
INFO:root:Best model with loss 12.466784721937106 at iteration 42000 @ Mon Jan  6 22:13:55 2020
INFO:root:Best model with loss 12.313003989732938 at iteration 44000 @ Mon Jan  6 22:19:46 2020
INFO:root:Best model with loss 12.269361245731613 at iteration 46000 @ Mon Jan  6 22:25:41 2020
INFO:root:Best model with loss 12.25055994435394 at iteration 47000 @ Mon Jan  6 22:28:33 2020
INFO:root:Best model with loss 12.081894287603236 at iteration 48000 @ Mon Jan  6 22:31:31 2020
INFO:root:Best model with loss 12.057834167022246 at iteration 50000 @ Mon Jan  6 22:37:24 2020
INFO:root:Best model with loss 11.993792046313688 at iteration 51000 @ Mon Jan  6 22:40:21 2020
INFO:root:Best model with loss 11.940517988259051 at iteration 52000 @ Mon Jan  6 22:43:15 2020
INFO:root:Best model with loss 11.842826312997161 at iteration 53000 @ Mon Jan  6 22:46:10 2020
INFO:root:Best model with loss 11.811968984594335 at iteration 54000 @ Mon Jan  6 22:49:08 2020
INFO:root:Best model with loss 11.640326583246251 at iteration 55000 @ Mon Jan  6 22:52:05 2020
INFO:root:Best model with loss 11.536428778784888 at iteration 58000 @ Mon Jan  6 23:00:54 2020
INFO:root:Best model with loss 11.497566490440636 at iteration 60000 @ Mon Jan  6 23:06:47 2020
INFO:root:Best model with loss 11.386963471930386 at iteration 61000 @ Mon Jan  6 23:09:45 2020
INFO:root:Best model with loss 11.373997297850218 at iteration 62000 @ Mon Jan  6 23:12:43 2020
INFO:root:Best model with loss 11.304078051134631 at iteration 64000 @ Mon Jan  6 23:18:31 2020
INFO:root:Best model with loss 11.273934036117415 at iteration 66000 @ Mon Jan  6 23:24:25 2020
INFO:root:Best model with loss 11.236109872893728 at iteration 67000 @ Mon Jan  6 23:27:23 2020
INFO:root:Restore training @ Tue Jan  7 11:28:47 2020
INFO:root:Best model with loss 11.200736831751593 at iteration 67000 @ Tue Jan  7 11:29:26 2020
INFO:root:Best model with loss 11.184279132851927 at iteration 68000 @ Tue Jan  7 11:32:22 2020
INFO:root:Best model with loss 11.163087695926517 at iteration 70000 @ Tue Jan  7 11:38:12 2020
INFO:root:Best model with loss 11.067897133481951 at iteration 72000 @ Tue Jan  7 11:44:01 2020
INFO:root:Best model with loss 11.055399656248046 at iteration 74000 @ Tue Jan  7 11:49:52 2020
INFO:root:Best model with loss 10.935006183475345 at iteration 75000 @ Tue Jan  7 11:52:47 2020
INFO:root:Best model with loss 10.864126372058909 at iteration 76000 @ Tue Jan  7 11:55:41 2020
INFO:root:Best model with loss 10.799928599991796 at iteration 78000 @ Tue Jan  7 12:01:32 2020
INFO:root:Best model with loss 10.758799188694717 at iteration 81000 @ Tue Jan  7 12:10:20 2020
INFO:root:Best model with loss 10.685645351085338 at iteration 83000 @ Tue Jan  7 12:16:11 2020
INFO:root:Best model with loss 10.663367018192101 at iteration 87000 @ Tue Jan  7 12:27:51 2020
INFO:root:Best model with loss 10.624564801338 at iteration 88000 @ Tue Jan  7 12:30:45 2020
INFO:root:Best model with loss 10.502488016581035 at iteration 89000 @ Tue Jan  7 12:33:39 2020
INFO:root:Best model with loss 10.501442611587418 at iteration 91000 @ Tue Jan  7 12:39:27 2020
INFO:root:Best model with loss 10.47531624069443 at iteration 92000 @ Tue Jan  7 12:42:23 2020
INFO:root:Best model with loss 10.373369604752865 at iteration 93000 @ Tue Jan  7 12:45:17 2020
INFO:root:Best model with loss 10.371394675518617 at iteration 94000 @ Tue Jan  7 12:48:13 2020
INFO:root:Best model with loss 10.362627087205817 at iteration 95000 @ Tue Jan  7 12:51:08 2020
INFO:root:Best model with loss 10.324916121082223 at iteration 96000 @ Tue Jan  7 12:54:03 2020
INFO:root:Best model with loss 10.22327869976605 at iteration 99000 @ Tue Jan  7 13:02:52 2020
INFO:root:Best model with loss 10.197909487984282 at iteration 102000 @ Tue Jan  7 13:11:43 2020
INFO:root:Best model with loss 10.16424658071768 at iteration 103000 @ Tue Jan  7 13:14:38 2020
INFO:root:Best model with loss 10.127218823692264 at iteration 105000 @ Tue Jan  7 13:20:29 2020
INFO:root:Best model with loss 10.12501537843589 at iteration 106000 @ Tue Jan  7 13:23:24 2020
INFO:root:Best model with loss 10.082590141970991 at iteration 109000 @ Tue Jan  7 13:32:08 2020
INFO:root:Best model with loss 10.05138005780744 at iteration 110000 @ Tue Jan  7 13:35:04 2020
INFO:root:Best model with loss 10.043132970998952 at iteration 113000 @ Tue Jan  7 13:43:45 2020
INFO:root:Best model with loss 10.026398683509152 at iteration 115000 @ Tue Jan  7 13:49:34 2020
INFO:root:Best model with loss 10.001080057897049 at iteration 116000 @ Tue Jan  7 13:52:32 2020
INFO:root:Best model with loss 9.970714788147319 at iteration 118000 @ Tue Jan  7 13:58:22 2020
INFO:root:Best model with loss 9.94927100906143 at iteration 120000 @ Tue Jan  7 14:04:08 2020
INFO:root:Best model with loss 9.865878262804634 at iteration 122000 @ Tue Jan  7 14:10:02 2020
INFO:root:Best model with loss 9.862434202645435 at iteration 123000 @ Tue Jan  7 14:12:59 2020
INFO:root:Best model with loss 9.861569108221584 at iteration 124000 @ Tue Jan  7 14:15:54 2020
INFO:root:Best model with loss 9.83184784439591 at iteration 125000 @ Tue Jan  7 14:18:48 2020
INFO:root:Best model with loss 9.778405291277606 at iteration 127000 @ Tue Jan  7 14:24:38 2020
INFO:root:Best model with loss 9.76979930369823 at iteration 128000 @ Tue Jan  7 14:27:31 2020
INFO:root:Best model with loss 9.763665769447833 at iteration 130000 @ Tue Jan  7 14:33:21 2020
INFO:root:Best model with loss 9.708543714969446 at iteration 133000 @ Tue Jan  7 14:42:08 2020
INFO:root:Best model with loss 9.619946276334113 at iteration 136000 @ Tue Jan  7 14:50:58 2020
INFO:root:Best model with loss 9.607278182596456 at iteration 140000 @ Tue Jan  7 15:02:38 2020
INFO:root:Best model with loss 9.542691116282095 at iteration 144000 @ Tue Jan  7 15:14:24 2020
INFO:root:Best model with loss 9.506357808792476 at iteration 149000 @ Tue Jan  7 15:29:00 2020
INFO:root:Best model with loss 9.501445549044325 at iteration 154000 @ Tue Jan  7 15:43:35 2020
INFO:root:Best model with loss 9.417939054421039 at iteration 157000 @ Tue Jan  7 15:52:22 2020
INFO:root:Best model with loss 9.385425275637779 at iteration 161000 @ Tue Jan  7 16:04:11 2020
INFO:root:Best model with loss 9.381547192664874 at iteration 168000 @ Tue Jan  7 16:24:36 2020
INFO:root:Best model with loss 9.330021357035136 at iteration 169000 @ Tue Jan  7 16:27:32 2020
INFO:root:Best model with loss 9.286419467716007 at iteration 175000 @ Tue Jan  7 16:45:01 2020
INFO:root:Best model with loss 9.279044627538712 at iteration 179000 @ Tue Jan  7 16:56:42 2020
INFO:root:Best model with loss 9.229590117410298 at iteration 184000 @ Tue Jan  7 17:11:16 2020
INFO:root:Best model with loss 9.19610884904782 at iteration 187000 @ Tue Jan  7 17:20:04 2020
INFO:root:Best model with loss 9.135368052187625 at iteration 195000 @ Tue Jan  7 17:43:32 2020
INFO:root:Best model with loss 9.108043065928682 at iteration 198000 @ Tue Jan  7 17:52:19 2020
INFO:root:Best model with loss 9.10493939889444 at iteration 202000 @ Tue Jan  7 18:04:00 2020
INFO:root:Best model with loss 9.087372642697833 at iteration 204000 @ Tue Jan  7 18:09:49 2020
INFO:root:Best model with loss 9.083849474156265 at iteration 205000 @ Tue Jan  7 18:12:47 2020
INFO:root:Best model with loss 9.06302706553294 at iteration 207000 @ Tue Jan  7 18:18:37 2020
INFO:root:Best model with loss 9.022119513693992 at iteration 223000 @ Tue Jan  7 19:05:17 2020
INFO:root:Best model with loss 9.01432411065291 at iteration 230000 @ Tue Jan  7 19:25:36 2020
INFO:root:Best model with loss 8.992375631081012 at iteration 233000 @ Tue Jan  7 19:34:20 2020
INFO:root:Best model with loss 8.944635184462722 at iteration 238000 @ Tue Jan  7 19:48:56 2020
INFO:root:Best model with loss 8.944196487467488 at iteration 239000 @ Tue Jan  7 19:51:51 2020
INFO:root:Best model with loss 8.91225328989573 at iteration 247000 @ Tue Jan  7 20:15:12 2020
INFO:root:Best model with loss 8.846638431109943 at iteration 253000 @ Tue Jan  7 20:32:55 2020
INFO:root:Best model with loss 8.846245488207222 at iteration 278000 @ Tue Jan  7 21:45:42 2020
INFO:root:Best model with loss 8.84347083422992 at iteration 284000 @ Tue Jan  7 22:03:12 2020
INFO:root:Best model with loss 8.843160694441798 at iteration 292000 @ Tue Jan  7 22:26:35 2020
INFO:root:Best model with loss 8.838137071117545 at iteration 293000 @ Tue Jan  7 22:29:34 2020
INFO:root:Best model with loss 8.835322026662283 at iteration 294000 @ Tue Jan  7 22:32:32 2020
INFO:root:Best model with loss 8.833163486387795 at iteration 295000 @ Tue Jan  7 22:35:27 2020
INFO:root:Best model with loss 8.813842960672057 at iteration 298000 @ Tue Jan  7 22:44:12 2020
INFO:root:Best model with loss 8.806208464412798 at iteration 304000 @ Tue Jan  7 23:01:47 2020
INFO:root:Best model with loss 8.76497501288011 at iteration 309000 @ Tue Jan  7 23:16:21 2020
INFO:root:Best model with loss 8.756828742652564 at iteration 334000 @ Wed Jan  8 00:29:31 2020
INFO:root:Best model with loss 8.748538483386442 at iteration 349000 @ Wed Jan  8 01:13:25 2020
INFO:root:Best model with loss 8.741388394620206 at iteration 352000 @ Wed Jan  8 01:22:14 2020
INFO:root:Best model with loss 8.740632397992474 at iteration 354000 @ Wed Jan  8 01:28:06 2020
INFO:root:Best model with loss 8.724590042427376 at iteration 356000 @ Wed Jan  8 01:33:58 2020
INFO:root:Best model with loss 8.719779806802142 at iteration 357000 @ Wed Jan  8 01:36:54 2020
INFO:root:Best model with loss 8.674551430041287 at iteration 358000 @ Wed Jan  8 01:39:50 2020
INFO:root:Best model with loss 8.661314288989917 at iteration 361000 @ Wed Jan  8 01:48:39 2020
INFO:root:Best model with loss 8.651158702520677 at iteration 376000 @ Wed Jan  8 02:32:30 2020
INFO:root:Best model with loss 8.633360467706476 at iteration 391000 @ Wed Jan  8 03:16:26 2020
INFO:root:Best model with loss 8.61582922116096 at iteration 402000 @ Wed Jan  8 03:48:34 2020
INFO:root:Best model with loss 8.595960219557936 at iteration 426000 @ Wed Jan  8 04:58:46 2020
INFO:root:Best model with loss 8.583054399792656 at iteration 438000 @ Wed Jan  8 05:33:53 2020
INFO:root:Best model with loss 8.573217845161954 at iteration 476000 @ Wed Jan  8 07:24:56 2020
INFO:root:Best model with loss 8.56389369092705 at iteration 504000 @ Wed Jan  8 08:46:37 2020
INFO:root:Best model with loss 8.531733720987528 at iteration 508000 @ Wed Jan  8 08:58:12 2020
INFO:root:Best model with loss 8.510036577015349 at iteration 514000 @ Wed Jan  8 09:15:43 2020
